# Logfile created on Sun Feb 07 08:08:51 -0500 2010 by /
  [4;36;1mSQL (0.2ms)[0m   [0;1mSET NAMES 'utf8'[0m
  [4;35;1mSQL (0.1ms)[0m   [0mSET SQL_AUTO_IS_NULL=0[0m
  [4;36;1mSQL (31.8ms)[0m   [0;1mSHOW TABLES[0m
  [4;35;1mSQL (91.9ms)[0m   [0mCREATE TABLE `addresses` (`id` int(11) DEFAULT NULL auto_increment PRIMARY KEY, `addressable_id` int(11) NOT NULL, `addressable_type` varchar(255) NOT NULL, `country_id` int(11), `region_id` int(11), `street1` varchar(255), `street2` varchar(255), `city` varchar(255), `postal` varchar(255), `created_at` datetime, `updated_at` datetime) ENGINE=InnoDB[0m
  [4;36;1mSQL (0.7ms)[0m   [0;1mSHOW TABLES[0m
  [4;35;1mSQL (433.0ms)[0m   [0mCREATE TABLE `countries` (`id` int(11) DEFAULT NULL auto_increment PRIMARY KEY, `abbreviation` varchar(255), `name` varchar(255), `created_at` datetime, `updated_at` datetime) ENGINE=InnoDB[0m
  [4;36;1mSQL (0.9ms)[0m   [0;1mSHOW TABLES[0m
  [4;35;1mSQL (102.4ms)[0m   [0mCREATE TABLE `regions` (`id` int(11) DEFAULT NULL auto_increment PRIMARY KEY, `country_id` int(11), `name` varchar(255), `created_at` datetime, `updated_at` datetime) ENGINE=InnoDB[0m
  [4;36;1mSQL (1.7ms)[0m   [0;1mSHOW TABLES[0m
  [4;35;1mSQL (0.4ms)[0m   [0mSELECT version FROM `schema_migrations`[0m
  [4;36;1mSQL (0.1ms)[0m   [0;1mSET NAMES 'utf8'[0m
  [4;35;1mSQL (0.1ms)[0m   [0mSET SQL_AUTO_IS_NULL=0[0m
  [4;36;1mSQL (0.7ms)[0m   [0;1mSHOW TABLES[0m
  [4;35;1mSQL (2.2ms)[0m   [0mDROP TABLE `addresses`[0m
  [4;36;1mSQL (78.8ms)[0m   [0;1mCREATE TABLE `addresses` (`id` int(11) DEFAULT NULL auto_increment PRIMARY KEY, `addressable_id` int(11) NOT NULL, `addressable_type` varchar(255) NOT NULL, `country_id` int(11), `region_id` int(11), `street1` varchar(255), `street2` varchar(255), `city` varchar(255), `postal` varchar(255), `created_at` datetime, `updated_at` datetime) ENGINE=InnoDB[0m
  [4;35;1mSQL (1.1ms)[0m   [0mSHOW TABLES[0m
  [4;36;1mSQL (1.9ms)[0m   [0;1mDROP TABLE `countries`[0m
  [4;35;1mSQL (160.2ms)[0m   [0mCREATE TABLE `countries` (`id` int(11) DEFAULT NULL auto_increment PRIMARY KEY, `abbreviation` varchar(255), `name` varchar(255), `created_at` datetime, `updated_at` datetime) ENGINE=InnoDB[0m
  [4;36;1mSQL (1.0ms)[0m   [0;1mSHOW TABLES[0m
  [4;35;1mSQL (34.2ms)[0m   [0mDROP TABLE `regions`[0m
  [4;36;1mSQL (119.9ms)[0m   [0;1mCREATE TABLE `regions` (`id` int(11) DEFAULT NULL auto_increment PRIMARY KEY, `country_id` int(11), `name` varchar(255), `created_at` datetime, `updated_at` datetime) ENGINE=InnoDB[0m
  [4;35;1mSQL (1.0ms)[0m   [0mSHOW TABLES[0m
  [4;36;1mSQL (0.3ms)[0m   [0;1mSELECT version FROM `schema_migrations`[0m
  [4;35;1mCountry Columns (1.6ms)[0m   [0mSHOW FIELDS FROM `countries`[0m
  [4;36;1mSQL (0.2ms)[0m   [0;1mSET NAMES 'utf8'[0m
  [4;35;1mSQL (0.1ms)[0m   [0mSET SQL_AUTO_IS_NULL=0[0m
  [4;36;1mSQL (0.6ms)[0m   [0;1mSHOW TABLES[0m
  [4;35;1mSQL (1.7ms)[0m   [0mDROP TABLE `addresses`[0m
  [4;36;1mSQL (73.0ms)[0m   [0;1mCREATE TABLE `addresses` (`id` int(11) DEFAULT NULL auto_increment PRIMARY KEY, `addressable_id` int(11) NOT NULL, `addressable_type` varchar(255) NOT NULL, `country_id` int(11), `region_id` int(11), `street1` varchar(255), `street2` varchar(255), `city` varchar(255), `postal` varchar(255), `created_at` datetime, `updated_at` datetime) ENGINE=InnoDB[0m
  [4;35;1mSQL (4.1ms)[0m   [0mSHOW TABLES[0m
  [4;36;1mSQL (1.8ms)[0m   [0;1mDROP TABLE `countries`[0m
  [4;35;1mSQL (191.9ms)[0m   [0mCREATE TABLE `countries` (`id` int(11) DEFAULT NULL auto_increment PRIMARY KEY, `abbreviation` varchar(255), `name` varchar(255), `created_at` datetime, `updated_at` datetime) ENGINE=InnoDB[0m
  [4;36;1mSQL (1.0ms)[0m   [0;1mSHOW TABLES[0m
  [4;35;1mSQL (1.4ms)[0m   [0mDROP TABLE `regions`[0m
  [4;36;1mSQL (105.8ms)[0m   [0;1mCREATE TABLE `regions` (`id` int(11) DEFAULT NULL auto_increment PRIMARY KEY, `country_id` int(11), `name` varchar(255), `created_at` datetime, `updated_at` datetime) ENGINE=InnoDB[0m
  [4;35;1mSQL (0.8ms)[0m   [0mSHOW TABLES[0m
  [4;36;1mSQL (0.3ms)[0m   [0;1mSELECT version FROM `schema_migrations`[0m
  [4;35;1mCountry Columns (1.7ms)[0m   [0mSHOW FIELDS FROM `countries`[0m
  [4;36;1mRegion Columns (1.3ms)[0m   [0;1mSHOW FIELDS FROM `regions`[0m
  [4;36;1mSQL (0.2ms)[0m   [0;1mSET NAMES 'utf8'[0m
  [4;35;1mSQL (0.1ms)[0m   [0mSET SQL_AUTO_IS_NULL=0[0m
  [4;36;1mSQL (0.7ms)[0m   [0;1mSHOW TABLES[0m
  [4;35;1mSQL (1.8ms)[0m   [0mDROP TABLE `addresses`[0m
  [4;36;1mSQL (136.0ms)[0m   [0;1mCREATE TABLE `addresses` (`id` int(11) DEFAULT NULL auto_increment PRIMARY KEY, `addressable_id` int(11) NOT NULL, `addressable_type` varchar(255) NOT NULL, `country_id` int(11), `region_id` int(11), `street1` varchar(255), `street2` varchar(255), `city` varchar(255), `postal` varchar(255), `created_at` datetime, `updated_at` datetime) ENGINE=InnoDB[0m
  [4;35;1mSQL (1.8ms)[0m   [0mSHOW TABLES[0m
  [4;36;1mSQL (1.8ms)[0m   [0;1mDROP TABLE `countries`[0m
  [4;35;1mSQL (206.3ms)[0m   [0mCREATE TABLE `countries` (`id` int(11) DEFAULT NULL auto_increment PRIMARY KEY, `abbreviation` varchar(255), `name` varchar(255), `created_at` datetime, `updated_at` datetime) ENGINE=InnoDB[0m
  [4;36;1mSQL (1.0ms)[0m   [0;1mSHOW TABLES[0m
  [4;35;1mSQL (2.4ms)[0m   [0mDROP TABLE `regions`[0m
  [4;36;1mSQL (128.6ms)[0m   [0;1mCREATE TABLE `regions` (`id` int(11) DEFAULT NULL auto_increment PRIMARY KEY, `country_id` int(11), `name` varchar(255), `created_at` datetime, `updated_at` datetime) ENGINE=InnoDB[0m
  [4;35;1mSQL (1.1ms)[0m   [0mSHOW TABLES[0m
  [4;36;1mSQL (2.2ms)[0m   [0;1mDROP TABLE `users`[0m
  [4;35;1mSQL (130.8ms)[0m   [0mCREATE TABLE `users` (`id` int(11) DEFAULT NULL auto_increment PRIMARY KEY, `name` varchar(255), `created_at` datetime, `updated_at` datetime) ENGINE=InnoDB[0m
  [4;36;1mSQL (0.9ms)[0m   [0;1mSHOW TABLES[0m
  [4;35;1mSQL (0.3ms)[0m   [0mSELECT version FROM `schema_migrations`[0m
  [4;36;1mCountry Columns (1.6ms)[0m   [0;1mSHOW FIELDS FROM `countries`[0m
  [4;35;1mSQL (0.3ms)[0m   [0mBEGIN[0m
  [4;36;1mCountry Create (0.4ms)[0m   [0;1mINSERT INTO `countries` (`name`, `created_at`, `updated_at`, `abbreviation`) VALUES('United States', '2010-02-07 08:17:19', '2010-02-07 08:17:19', 'US')[0m
  [4;35;1mSQL (0.7ms)[0m   [0mCOMMIT[0m
  [4;36;1mRegion Columns (1.6ms)[0m   [0;1mSHOW FIELDS FROM `regions`[0m
  [4;35;1mSQL (0.2ms)[0m   [0mBEGIN[0m
  [4;36;1mRegion Create (0.3ms)[0m   [0;1mINSERT INTO `regions` (`name`, `created_at`, `updated_at`, `country_id`) VALUES('Kansas', '2010-02-07 08:17:19', '2010-02-07 08:17:19', 1)[0m
  [4;35;1mSQL (0.5ms)[0m   [0mCOMMIT[0m
  [4;36;1mUser Columns (1.4ms)[0m   [0;1mSHOW FIELDS FROM `users`[0m
  [4;35;1mSQL (0.1ms)[0m   [0mBEGIN[0m
  [4;36;1mUser Create (0.2ms)[0m   [0;1mINSERT INTO `users` (`name`, `created_at`, `updated_at`) VALUES('Mike', '2010-02-07 08:17:19', '2010-02-07 08:17:19')[0m
  [4;35;1mSQL (0.6ms)[0m   [0mCOMMIT[0m
  [4;36;1mSQL (0.2ms)[0m   [0;1mSET NAMES 'utf8'[0m
  [4;35;1mSQL (0.1ms)[0m   [0mSET SQL_AUTO_IS_NULL=0[0m
  [4;36;1mSQL (0.7ms)[0m   [0;1mSHOW TABLES[0m
  [4;35;1mSQL (1.7ms)[0m   [0mDROP TABLE `addresses`[0m
  [4;36;1mSQL (146.2ms)[0m   [0;1mCREATE TABLE `addresses` (`id` int(11) DEFAULT NULL auto_increment PRIMARY KEY, `addressable_id` int(11) NOT NULL, `addressable_type` varchar(255) NOT NULL, `country_id` int(11), `region_id` int(11), `street1` varchar(255), `street2` varchar(255), `city` varchar(255), `postal` varchar(255), `created_at` datetime, `updated_at` datetime) ENGINE=InnoDB[0m
  [4;35;1mSQL (1.1ms)[0m   [0mSHOW TABLES[0m
  [4;36;1mSQL (2.2ms)[0m   [0;1mDROP TABLE `countries`[0m
  [4;35;1mSQL (366.8ms)[0m   [0mCREATE TABLE `countries` (`id` int(11) DEFAULT NULL auto_increment PRIMARY KEY, `abbreviation` varchar(255), `name` varchar(255), `created_at` datetime, `updated_at` datetime) ENGINE=InnoDB[0m
  [4;36;1mSQL (1.0ms)[0m   [0;1mSHOW TABLES[0m
  [4;35;1mSQL (2.5ms)[0m   [0mDROP TABLE `regions`[0m
  [4;36;1mSQL (119.6ms)[0m   [0;1mCREATE TABLE `regions` (`id` int(11) DEFAULT NULL auto_increment PRIMARY KEY, `country_id` int(11), `name` varchar(255), `created_at` datetime, `updated_at` datetime) ENGINE=InnoDB[0m
  [4;35;1mSQL (1.5ms)[0m   [0mSHOW TABLES[0m
  [4;36;1mSQL (3.1ms)[0m   [0;1mDROP TABLE `users`[0m
  [4;35;1mSQL (139.9ms)[0m   [0mCREATE TABLE `users` (`id` int(11) DEFAULT NULL auto_increment PRIMARY KEY, `name` varchar(255), `created_at` datetime, `updated_at` datetime) ENGINE=InnoDB[0m
  [4;36;1mSQL (2.1ms)[0m   [0;1mSHOW TABLES[0m
  [4;35;1mSQL (0.4ms)[0m   [0mSELECT version FROM `schema_migrations`[0m
  [4;36;1mCountry Columns (1.6ms)[0m   [0;1mSHOW FIELDS FROM `countries`[0m
  [4;35;1mSQL (0.1ms)[0m   [0mBEGIN[0m
  [4;36;1mCountry Create (0.3ms)[0m   [0;1mINSERT INTO `countries` (`name`, `created_at`, `updated_at`, `abbreviation`) VALUES('United States', '2010-02-07 08:27:09', '2010-02-07 08:27:09', 'US')[0m
  [4;35;1mSQL (0.5ms)[0m   [0mCOMMIT[0m
  [4;36;1mRegion Columns (1.3ms)[0m   [0;1mSHOW FIELDS FROM `regions`[0m
  [4;35;1mSQL (0.1ms)[0m   [0mBEGIN[0m
  [4;36;1mRegion Create (0.2ms)[0m   [0;1mINSERT INTO `regions` (`name`, `created_at`, `updated_at`, `country_id`) VALUES('Kansas', '2010-02-07 08:27:09', '2010-02-07 08:27:09', 1)[0m
  [4;35;1mSQL (0.6ms)[0m   [0mCOMMIT[0m
  [4;36;1mUser Columns (1.4ms)[0m   [0;1mSHOW FIELDS FROM `users`[0m
  [4;35;1mSQL (0.1ms)[0m   [0mBEGIN[0m
  [4;36;1mUser Create (0.2ms)[0m   [0;1mINSERT INTO `users` (`name`, `created_at`, `updated_at`) VALUES('Mike', '2010-02-07 08:27:09', '2010-02-07 08:27:09')[0m
  [4;35;1mSQL (0.6ms)[0m   [0mCOMMIT[0m
  [4;36;1mAddress Columns (1.5ms)[0m   [0;1mSHOW FIELDS FROM `addresses`[0m
WARNING: Can't mass-assign these protected attributes: region, country, addressable
  [4;35;1mSQL (0.1ms)[0m   [0mBEGIN[0m
  [4;36;1mAddress Create (0.0ms)[0m   [0;1mMysql::Error: Column 'addressable_type' cannot be null: INSERT INTO `addresses` (`city`, `created_at`, `postal`, `street1`, `updated_at`, `addressable_type`, `country_id`, `street2`, `addressable_id`, `region_id`) VALUES('Whitmore', '2010-02-07 08:27:09', '04330', '54 Parkins Way', '2010-02-07 08:27:09', NULL, NULL, NULL, NULL, NULL)[0m
  [4;35;1mSQL (0.1ms)[0m   [0mROLLBACK[0m
  [4;36;1mSQL (0.1ms)[0m   [0;1mSET NAMES 'utf8'[0m
  [4;35;1mSQL (0.1ms)[0m   [0mSET SQL_AUTO_IS_NULL=0[0m
  [4;36;1mSQL (0.6ms)[0m   [0;1mSHOW TABLES[0m
  [4;35;1mSQL (21.6ms)[0m   [0mDROP TABLE `addresses`[0m
  [4;36;1mSQL (53.1ms)[0m   [0;1mCREATE TABLE `addresses` (`id` int(11) DEFAULT NULL auto_increment PRIMARY KEY, `addressable_id` int(11) NOT NULL, `addressable_type` varchar(255) NOT NULL, `country_id` int(11), `region_id` int(11), `street1` varchar(255), `street2` varchar(255), `city` varchar(255), `postal` varchar(255), `created_at` datetime, `updated_at` datetime) ENGINE=InnoDB[0m
  [4;35;1mSQL (2.1ms)[0m   [0mSHOW TABLES[0m
  [4;36;1mSQL (2.2ms)[0m   [0;1mDROP TABLE `countries`[0m
  [4;35;1mSQL (160.8ms)[0m   [0mCREATE TABLE `countries` (`id` int(11) DEFAULT NULL auto_increment PRIMARY KEY, `abbreviation` varchar(255), `name` varchar(255), `created_at` datetime, `updated_at` datetime) ENGINE=InnoDB[0m
  [4;36;1mSQL (2.2ms)[0m   [0;1mSHOW TABLES[0m
  [4;35;1mSQL (1.9ms)[0m   [0mDROP TABLE `regions`[0m
  [4;36;1mSQL (118.0ms)[0m   [0;1mCREATE TABLE `regions` (`id` int(11) DEFAULT NULL auto_increment PRIMARY KEY, `country_id` int(11), `name` varchar(255), `created_at` datetime, `updated_at` datetime) ENGINE=InnoDB[0m
  [4;35;1mSQL (1.4ms)[0m   [0mSHOW TABLES[0m
  [4;36;1mSQL (1.9ms)[0m   [0;1mDROP TABLE `users`[0m
  [4;35;1mSQL (118.5ms)[0m   [0mCREATE TABLE `users` (`id` int(11) DEFAULT NULL auto_increment PRIMARY KEY, `name` varchar(255), `created_at` datetime, `updated_at` datetime) ENGINE=InnoDB[0m
  [4;36;1mSQL (1.1ms)[0m   [0;1mSHOW TABLES[0m
  [4;35;1mSQL (0.8ms)[0m   [0mSELECT version FROM `schema_migrations`[0m
  [4;36;1mCountry Columns (1.5ms)[0m   [0;1mSHOW FIELDS FROM `countries`[0m
  [4;35;1mSQL (0.1ms)[0m   [0mBEGIN[0m
  [4;36;1mCountry Create (0.3ms)[0m   [0;1mINSERT INTO `countries` (`name`, `created_at`, `updated_at`, `abbreviation`) VALUES('United States', '2010-02-07 08:29:12', '2010-02-07 08:29:12', 'US')[0m
  [4;35;1mSQL (0.7ms)[0m   [0mCOMMIT[0m
  [4;36;1mRegion Columns (1.3ms)[0m   [0;1mSHOW FIELDS FROM `regions`[0m
  [4;35;1mSQL (0.1ms)[0m   [0mBEGIN[0m
  [4;36;1mRegion Create (0.2ms)[0m   [0;1mINSERT INTO `regions` (`name`, `created_at`, `updated_at`, `country_id`) VALUES('Kansas', '2010-02-07 08:29:12', '2010-02-07 08:29:12', 1)[0m
  [4;35;1mSQL (0.6ms)[0m   [0mCOMMIT[0m
  [4;36;1mUser Columns (1.6ms)[0m   [0;1mSHOW FIELDS FROM `users`[0m
  [4;35;1mSQL (0.1ms)[0m   [0mBEGIN[0m
  [4;36;1mUser Create (0.2ms)[0m   [0;1mINSERT INTO `users` (`name`, `created_at`, `updated_at`) VALUES('Mike', '2010-02-07 08:29:12', '2010-02-07 08:29:12')[0m
  [4;35;1mSQL (0.5ms)[0m   [0mCOMMIT[0m
  [4;36;1mAddress Columns (1.9ms)[0m   [0;1mSHOW FIELDS FROM `addresses`[0m
WARNING: Can't mass-assign these protected attributes: region, country, addressable
  [4;35;1mSQL (0.4ms)[0m   [0mBEGIN[0m
  [4;36;1mAddress Create (0.0ms)[0m   [0;1mMysql::Error: Column 'addressable_type' cannot be null: INSERT INTO `addresses` (`city`, `created_at`, `postal`, `street1`, `updated_at`, `addressable_type`, `country_id`, `street2`, `addressable_id`, `region_id`) VALUES('Whitmore', '2010-02-07 08:29:12', '04330', '54 Parkins Way', '2010-02-07 08:29:12', NULL, NULL, NULL, NULL, NULL)[0m
  [4;35;1mSQL (0.1ms)[0m   [0mROLLBACK[0m
  [4;36;1mSQL (0.2ms)[0m   [0;1mSET NAMES 'utf8'[0m
  [4;35;1mSQL (0.1ms)[0m   [0mSET SQL_AUTO_IS_NULL=0[0m
  [4;36;1mSQL (0.6ms)[0m   [0;1mSHOW TABLES[0m
  [4;35;1mSQL (18.9ms)[0m   [0mDROP TABLE `addresses`[0m
  [4;36;1mSQL (51.3ms)[0m   [0;1mCREATE TABLE `addresses` (`id` int(11) DEFAULT NULL auto_increment PRIMARY KEY, `addressable_id` int(11) NOT NULL, `addressable_type` varchar(255) NOT NULL, `country_id` int(11), `region_id` int(11), `street1` varchar(255), `street2` varchar(255), `city` varchar(255), `postal` varchar(255), `created_at` datetime, `updated_at` datetime) ENGINE=InnoDB[0m
  [4;35;1mSQL (1.4ms)[0m   [0mSHOW TABLES[0m
  [4;36;1mSQL (3.5ms)[0m   [0;1mDROP TABLE `countries`[0m
  [4;35;1mSQL (140.3ms)[0m   [0mCREATE TABLE `countries` (`id` int(11) DEFAULT NULL auto_increment PRIMARY KEY, `abbreviation` varchar(255), `name` varchar(255), `created_at` datetime, `updated_at` datetime) ENGINE=InnoDB[0m
  [4;36;1mSQL (1.2ms)[0m   [0;1mSHOW TABLES[0m
  [4;35;1mSQL (2.2ms)[0m   [0mDROP TABLE `regions`[0m
  [4;36;1mSQL (107.2ms)[0m   [0;1mCREATE TABLE `regions` (`id` int(11) DEFAULT NULL auto_increment PRIMARY KEY, `country_id` int(11), `name` varchar(255), `created_at` datetime, `updated_at` datetime) ENGINE=InnoDB[0m
  [4;35;1mSQL (2.4ms)[0m   [0mSHOW TABLES[0m
  [4;36;1mSQL (1.7ms)[0m   [0;1mDROP TABLE `users`[0m
  [4;35;1mSQL (106.3ms)[0m   [0mCREATE TABLE `users` (`id` int(11) DEFAULT NULL auto_increment PRIMARY KEY, `name` varchar(255), `created_at` datetime, `updated_at` datetime) ENGINE=InnoDB[0m
  [4;36;1mSQL (1.4ms)[0m   [0;1mSHOW TABLES[0m
  [4;35;1mSQL (0.4ms)[0m   [0mSELECT version FROM `schema_migrations`[0m
  [4;36;1mCountry Columns (1.5ms)[0m   [0;1mSHOW FIELDS FROM `countries`[0m
  [4;35;1mSQL (0.1ms)[0m   [0mBEGIN[0m
  [4;36;1mCountry Create (0.3ms)[0m   [0;1mINSERT INTO `countries` (`name`, `created_at`, `updated_at`, `abbreviation`) VALUES('United States', '2010-02-07 08:30:28', '2010-02-07 08:30:28', 'US')[0m
  [4;35;1mSQL (0.7ms)[0m   [0mCOMMIT[0m
  [4;36;1mRegion Columns (1.3ms)[0m   [0;1mSHOW FIELDS FROM `regions`[0m
  [4;35;1mSQL (0.2ms)[0m   [0mBEGIN[0m
  [4;36;1mRegion Create (0.2ms)[0m   [0;1mINSERT INTO `regions` (`name`, `created_at`, `updated_at`, `country_id`) VALUES('Kansas', '2010-02-07 08:30:28', '2010-02-07 08:30:28', 1)[0m
  [4;35;1mSQL (0.6ms)[0m   [0mCOMMIT[0m
  [4;36;1mUser Columns (1.5ms)[0m   [0;1mSHOW FIELDS FROM `users`[0m
  [4;35;1mSQL (0.1ms)[0m   [0mBEGIN[0m
  [4;36;1mUser Create (0.2ms)[0m   [0;1mINSERT INTO `users` (`name`, `created_at`, `updated_at`) VALUES('Mike', '2010-02-07 08:30:28', '2010-02-07 08:30:28')[0m
  [4;35;1mSQL (0.7ms)[0m   [0mCOMMIT[0m
  [4;36;1mAddress Columns (2.7ms)[0m   [0;1mSHOW FIELDS FROM `addresses`[0m
  [4;35;1mSQL (0.2ms)[0m   [0mBEGIN[0m
  [4;36;1mAddress Create (0.3ms)[0m   [0;1mINSERT INTO `addresses` (`city`, `created_at`, `postal`, `street1`, `updated_at`, `addressable_type`, `country_id`, `street2`, `addressable_id`, `region_id`) VALUES('Whitmore', '2010-02-07 08:30:28', '04330', '54 Parkins Way', '2010-02-07 08:30:28', 'User', 1, NULL, 1, 1)[0m
  [4;35;1mSQL (0.7ms)[0m   [0mCOMMIT[0m
  [4;36;1mSQL (0.2ms)[0m   [0;1mSET NAMES 'utf8'[0m
  [4;35;1mSQL (0.1ms)[0m   [0mSET SQL_AUTO_IS_NULL=0[0m
  [4;36;1mSQL (0.6ms)[0m   [0;1mSHOW TABLES[0m
  [4;35;1mSQL (1.8ms)[0m   [0mDROP TABLE `addresses`[0m
  [4;36;1mSQL (89.8ms)[0m   [0;1mCREATE TABLE `addresses` (`id` int(11) DEFAULT NULL auto_increment PRIMARY KEY, `addressable_id` int(11) NOT NULL, `addressable_type` varchar(255) NOT NULL, `country_id` int(11), `region_id` int(11), `street1` varchar(255), `street2` varchar(255), `city` varchar(255), `postal` varchar(255), `created_at` datetime, `updated_at` datetime) ENGINE=InnoDB[0m
  [4;35;1mSQL (1.7ms)[0m   [0mSHOW TABLES[0m
  [4;36;1mSQL (1.9ms)[0m   [0;1mDROP TABLE `countries`[0m
  [4;35;1mSQL (201.3ms)[0m   [0mCREATE TABLE `countries` (`id` int(11) DEFAULT NULL auto_increment PRIMARY KEY, `abbreviation` varchar(255), `name` varchar(255), `created_at` datetime, `updated_at` datetime) ENGINE=InnoDB[0m
  [4;36;1mSQL (1.2ms)[0m   [0;1mSHOW TABLES[0m
  [4;35;1mSQL (1.8ms)[0m   [0mDROP TABLE `regions`[0m
  [4;36;1mSQL (107.1ms)[0m   [0;1mCREATE TABLE `regions` (`id` int(11) DEFAULT NULL auto_increment PRIMARY KEY, `country_id` int(11), `name` varchar(255), `created_at` datetime, `updated_at` datetime) ENGINE=InnoDB[0m
  [4;35;1mSQL (1.0ms)[0m   [0mSHOW TABLES[0m
  [4;36;1mSQL (2.4ms)[0m   [0;1mDROP TABLE `users`[0m
  [4;35;1mSQL (106.3ms)[0m   [0mCREATE TABLE `users` (`id` int(11) DEFAULT NULL auto_increment PRIMARY KEY, `name` varchar(255), `created_at` datetime, `updated_at` datetime) ENGINE=InnoDB[0m
  [4;36;1mSQL (0.9ms)[0m   [0;1mSHOW TABLES[0m
  [4;35;1mSQL (0.8ms)[0m   [0mSELECT version FROM `schema_migrations`[0m
  [4;36;1mCountry Columns (1.5ms)[0m   [0;1mSHOW FIELDS FROM `countries`[0m
  [4;35;1mSQL (0.1ms)[0m   [0mBEGIN[0m
  [4;36;1mCountry Create (0.3ms)[0m   [0;1mINSERT INTO `countries` (`name`, `created_at`, `updated_at`, `abbreviation`) VALUES('United States', '2010-02-07 08:30:52', '2010-02-07 08:30:52', 'US')[0m
  [4;35;1mSQL (0.7ms)[0m   [0mCOMMIT[0m
  [4;36;1mRegion Columns (1.3ms)[0m   [0;1mSHOW FIELDS FROM `regions`[0m
  [4;35;1mSQL (0.2ms)[0m   [0mBEGIN[0m
  [4;36;1mRegion Create (0.2ms)[0m   [0;1mINSERT INTO `regions` (`name`, `created_at`, `updated_at`, `country_id`) VALUES('Kansas', '2010-02-07 08:30:52', '2010-02-07 08:30:52', 1)[0m
  [4;35;1mSQL (0.8ms)[0m   [0mCOMMIT[0m
  [4;36;1mUser Columns (1.5ms)[0m   [0;1mSHOW FIELDS FROM `users`[0m
  [4;35;1mSQL (0.1ms)[0m   [0mBEGIN[0m
  [4;36;1mUser Create (0.2ms)[0m   [0;1mINSERT INTO `users` (`name`, `created_at`, `updated_at`) VALUES('Mike', '2010-02-07 08:30:52', '2010-02-07 08:30:52')[0m
  [4;35;1mSQL (0.7ms)[0m   [0mCOMMIT[0m
  [4;36;1mAddress Columns (2.3ms)[0m   [0;1mSHOW FIELDS FROM `addresses`[0m
  [4;35;1mSQL (0.1ms)[0m   [0mBEGIN[0m
  [4;36;1mAddress Create (0.4ms)[0m   [0;1mINSERT INTO `addresses` (`city`, `created_at`, `postal`, `street1`, `updated_at`, `addressable_type`, `country_id`, `street2`, `addressable_id`, `region_id`) VALUES('Whitmore', '2010-02-07 08:30:52', '04330', '54 Parkins Way', '2010-02-07 08:30:52', 'User', 1, NULL, 1, 1)[0m
  [4;35;1mSQL (0.6ms)[0m   [0mCOMMIT[0m
  [4;36;1mSQL (0.2ms)[0m   [0;1mSET NAMES 'utf8'[0m
  [4;35;1mSQL (0.1ms)[0m   [0mSET SQL_AUTO_IS_NULL=0[0m
  [4;36;1mSQL (0.6ms)[0m   [0;1mSHOW TABLES[0m
  [4;35;1mSQL (24.7ms)[0m   [0mDROP TABLE `addresses`[0m
  [4;36;1mSQL (58.6ms)[0m   [0;1mCREATE TABLE `addresses` (`id` int(11) DEFAULT NULL auto_increment PRIMARY KEY, `addressable_id` int(11) NOT NULL, `addressable_type` varchar(255) NOT NULL, `country_id` int(11), `region_id` int(11), `street1` varchar(255), `street2` varchar(255), `city` varchar(255), `postal` varchar(255), `created_at` datetime, `updated_at` datetime) ENGINE=InnoDB[0m
  [4;35;1mSQL (0.7ms)[0m   [0mSHOW TABLES[0m
  [4;36;1mSQL (2.1ms)[0m   [0;1mDROP TABLE `countries`[0m
  [4;35;1mSQL (161.4ms)[0m   [0mCREATE TABLE `countries` (`id` int(11) DEFAULT NULL auto_increment PRIMARY KEY, `abbreviation` varchar(255), `name` varchar(255), `created_at` datetime, `updated_at` datetime) ENGINE=InnoDB[0m
  [4;36;1mSQL (1.2ms)[0m   [0;1mSHOW TABLES[0m
  [4;35;1mSQL (1.9ms)[0m   [0mDROP TABLE `regions`[0m
  [4;36;1mSQL (118.0ms)[0m   [0;1mCREATE TABLE `regions` (`id` int(11) DEFAULT NULL auto_increment PRIMARY KEY, `country_id` int(11), `name` varchar(255), `created_at` datetime, `updated_at` datetime) ENGINE=InnoDB[0m
  [4;35;1mSQL (1.0ms)[0m   [0mSHOW TABLES[0m
  [4;36;1mSQL (1.9ms)[0m   [0;1mDROP TABLE `users`[0m
  [4;35;1mSQL (118.9ms)[0m   [0mCREATE TABLE `users` (`id` int(11) DEFAULT NULL auto_increment PRIMARY KEY, `name` varchar(255), `created_at` datetime, `updated_at` datetime) ENGINE=InnoDB[0m
  [4;36;1mSQL (1.1ms)[0m   [0;1mSHOW TABLES[0m
  [4;35;1mSQL (0.3ms)[0m   [0mSELECT version FROM `schema_migrations`[0m
  [4;36;1mCountry Columns (1.7ms)[0m   [0;1mSHOW FIELDS FROM `countries`[0m
  [4;35;1mSQL (0.1ms)[0m   [0mBEGIN[0m
  [4;36;1mCountry Create (0.3ms)[0m   [0;1mINSERT INTO `countries` (`name`, `created_at`, `updated_at`, `abbreviation`) VALUES('United States', '2010-02-07 08:31:00', '2010-02-07 08:31:00', 'US')[0m
  [4;35;1mSQL (0.6ms)[0m   [0mCOMMIT[0m
  [4;36;1mRegion Columns (1.4ms)[0m   [0;1mSHOW FIELDS FROM `regions`[0m
  [4;35;1mSQL (0.1ms)[0m   [0mBEGIN[0m
  [4;36;1mRegion Create (0.2ms)[0m   [0;1mINSERT INTO `regions` (`name`, `created_at`, `updated_at`, `country_id`) VALUES('Kansas', '2010-02-07 08:31:00', '2010-02-07 08:31:00', 1)[0m
  [4;35;1mSQL (0.6ms)[0m   [0mCOMMIT[0m
  [4;36;1mUser Columns (1.3ms)[0m   [0;1mSHOW FIELDS FROM `users`[0m
  [4;35;1mSQL (0.1ms)[0m   [0mBEGIN[0m
  [4;36;1mUser Create (0.2ms)[0m   [0;1mINSERT INTO `users` (`name`, `created_at`, `updated_at`) VALUES('Mike', '2010-02-07 08:31:00', '2010-02-07 08:31:00')[0m
  [4;35;1mSQL (0.6ms)[0m   [0mCOMMIT[0m
  [4;36;1mAddress Columns (1.5ms)[0m   [0;1mSHOW FIELDS FROM `addresses`[0m
  [4;35;1mSQL (0.1ms)[0m   [0mBEGIN[0m
  [4;36;1mAddress Create (0.2ms)[0m   [0;1mINSERT INTO `addresses` (`city`, `created_at`, `postal`, `street1`, `updated_at`, `addressable_type`, `country_id`, `street2`, `addressable_id`, `region_id`) VALUES('Whitmore', '2010-02-07 08:31:00', '04330', '54 Parkins Way', '2010-02-07 08:31:00', 'User', 1, NULL, 1, 1)[0m
  [4;35;1mSQL (0.6ms)[0m   [0mCOMMIT[0m
  [4;36;1mSQL (0.3ms)[0m   [0;1mSET NAMES 'utf8'[0m
  [4;35;1mSQL (0.1ms)[0m   [0mSET SQL_AUTO_IS_NULL=0[0m
  [4;36;1mSQL (0.6ms)[0m   [0;1mSHOW TABLES[0m
  [4;35;1mSQL (1.9ms)[0m   [0mDROP TABLE `addresses`[0m
  [4;36;1mSQL (68.8ms)[0m   [0;1mCREATE TABLE `addresses` (`id` int(11) DEFAULT NULL auto_increment PRIMARY KEY, `addressable_id` int(11) NOT NULL, `addressable_type` varchar(255) NOT NULL, `country_id` int(11), `region_id` int(11), `street1` varchar(255), `street2` varchar(255), `city` varchar(255), `postal` varchar(255), `created_at` datetime, `updated_at` datetime) ENGINE=InnoDB[0m
  [4;35;1mSQL (0.9ms)[0m   [0mSHOW TABLES[0m
  [4;36;1mSQL (3.2ms)[0m   [0;1mDROP TABLE `countries`[0m
  [4;35;1mSQL (168.6ms)[0m   [0mCREATE TABLE `countries` (`id` int(11) DEFAULT NULL auto_increment PRIMARY KEY, `abbreviation` varchar(255), `name` varchar(255), `created_at` datetime, `updated_at` datetime) ENGINE=InnoDB[0m
  [4;36;1mSQL (1.9ms)[0m   [0;1mSHOW TABLES[0m
  [4;35;1mSQL (2.4ms)[0m   [0mDROP TABLE `regions`[0m
  [4;36;1mSQL (140.1ms)[0m   [0;1mCREATE TABLE `regions` (`id` int(11) DEFAULT NULL auto_increment PRIMARY KEY, `country_id` int(11), `name` varchar(255), `created_at` datetime, `updated_at` datetime) ENGINE=InnoDB[0m
  [4;35;1mSQL (1.4ms)[0m   [0mSHOW TABLES[0m
  [4;36;1mSQL (2.5ms)[0m   [0;1mDROP TABLE `users`[0m
  [4;35;1mSQL (108.2ms)[0m   [0mCREATE TABLE `users` (`id` int(11) DEFAULT NULL auto_increment PRIMARY KEY, `name` varchar(255), `created_at` datetime, `updated_at` datetime) ENGINE=InnoDB[0m
  [4;36;1mSQL (1.2ms)[0m   [0;1mSHOW TABLES[0m
  [4;35;1mSQL (0.3ms)[0m   [0mSELECT version FROM `schema_migrations`[0m
  [4;36;1mCountry Columns (1.5ms)[0m   [0;1mSHOW FIELDS FROM `countries`[0m
  [4;35;1mSQL (0.1ms)[0m   [0mBEGIN[0m
  [4;36;1mCountry Create (0.3ms)[0m   [0;1mINSERT INTO `countries` (`name`, `created_at`, `updated_at`, `abbreviation`) VALUES('United States', '2010-02-07 08:31:35', '2010-02-07 08:31:35', 'US')[0m
  [4;35;1mSQL (0.8ms)[0m   [0mCOMMIT[0m
  [4;36;1mRegion Columns (1.4ms)[0m   [0;1mSHOW FIELDS FROM `regions`[0m
  [4;35;1mSQL (0.2ms)[0m   [0mBEGIN[0m
  [4;36;1mRegion Create (0.2ms)[0m   [0;1mINSERT INTO `regions` (`name`, `created_at`, `updated_at`, `country_id`) VALUES('Kansas', '2010-02-07 08:31:35', '2010-02-07 08:31:35', 1)[0m
  [4;35;1mSQL (0.7ms)[0m   [0mCOMMIT[0m
  [4;36;1mUser Columns (1.5ms)[0m   [0;1mSHOW FIELDS FROM `users`[0m
  [4;35;1mSQL (0.1ms)[0m   [0mBEGIN[0m
  [4;36;1mUser Create (0.2ms)[0m   [0;1mINSERT INTO `users` (`name`, `created_at`, `updated_at`) VALUES('Mike', '2010-02-07 08:31:35', '2010-02-07 08:31:35')[0m
  [4;35;1mSQL (0.7ms)[0m   [0mCOMMIT[0m
  [4;36;1mAddress Columns (1.4ms)[0m   [0;1mSHOW FIELDS FROM `addresses`[0m
  [4;35;1mSQL (0.1ms)[0m   [0mBEGIN[0m
  [4;36;1mAddress Create (0.2ms)[0m   [0;1mINSERT INTO `addresses` (`city`, `created_at`, `postal`, `street1`, `updated_at`, `addressable_type`, `country_id`, `street2`, `addressable_id`, `region_id`) VALUES('Whitmore', '2010-02-07 08:31:35', '04330', '54 Parkins Way', '2010-02-07 08:31:35', 'User', 1, NULL, 1, 1)[0m
  [4;35;1mSQL (0.7ms)[0m   [0mCOMMIT[0m
  [4;36;1mSQL (0.2ms)[0m   [0;1mSET NAMES 'utf8'[0m
  [4;35;1mSQL (0.1ms)[0m   [0mSET SQL_AUTO_IS_NULL=0[0m
  [4;36;1mSQL (101.1ms)[0m   [0;1mSHOW TABLES[0m
  [4;35;1mSQL (32.7ms)[0m   [0mDROP TABLE `addresses`[0m
  [4;36;1mSQL (58.4ms)[0m   [0;1mCREATE TABLE `addresses` (`id` int(11) DEFAULT NULL auto_increment PRIMARY KEY, `addressable_id` int(11) NOT NULL, `addressable_type` varchar(255) NOT NULL, `country_id` int(11), `region_id` int(11), `street1` varchar(255), `street2` varchar(255), `city` varchar(255), `postal` varchar(255), `created_at` datetime, `updated_at` datetime) ENGINE=InnoDB[0m
  [4;35;1mSQL (1.0ms)[0m   [0mSHOW TABLES[0m
  [4;36;1mSQL (22.5ms)[0m   [0;1mDROP TABLE `countries`[0m
  [4;35;1mSQL (176.3ms)[0m   [0mCREATE TABLE `countries` (`id` int(11) DEFAULT NULL auto_increment PRIMARY KEY, `abbreviation` varchar(255), `name` varchar(255), `created_at` datetime, `updated_at` datetime) ENGINE=InnoDB[0m
  [4;36;1mSQL (1.6ms)[0m   [0;1mSHOW TABLES[0m
  [4;35;1mSQL (23.8ms)[0m   [0mDROP TABLE `regions`[0m
  [4;36;1mSQL (131.7ms)[0m   [0;1mCREATE TABLE `regions` (`id` int(11) DEFAULT NULL auto_increment PRIMARY KEY, `country_id` int(11), `name` varchar(255), `created_at` datetime, `updated_at` datetime) ENGINE=InnoDB[0m
  [4;35;1mSQL (3.0ms)[0m   [0mSHOW TABLES[0m
  [4;36;1mSQL (3.3ms)[0m   [0;1mDROP TABLE `users`[0m
  [4;35;1mSQL (158.9ms)[0m   [0mCREATE TABLE `users` (`id` int(11) DEFAULT NULL auto_increment PRIMARY KEY, `name` varchar(255), `created_at` datetime, `updated_at` datetime) ENGINE=InnoDB[0m
  [4;36;1mSQL (0.8ms)[0m   [0;1mSHOW TABLES[0m
  [4;35;1mSQL (41.0ms)[0m   [0mSELECT version FROM `schema_migrations`[0m
  [4;36;1mSQL (0.2ms)[0m   [0;1mSET NAMES 'utf8'[0m
  [4;35;1mSQL (0.1ms)[0m   [0mSET SQL_AUTO_IS_NULL=0[0m
  [4;36;1mSQL (0.6ms)[0m   [0;1mSHOW TABLES[0m
  [4;35;1mSQL (2.4ms)[0m   [0mDROP TABLE `addresses`[0m
  [4;36;1mSQL (80.7ms)[0m   [0;1mCREATE TABLE `addresses` (`id` int(11) DEFAULT NULL auto_increment PRIMARY KEY, `addressable_id` int(11) NOT NULL, `addressable_type` varchar(255) NOT NULL, `country_id` int(11), `region_id` int(11), `street1` varchar(255), `street2` varchar(255), `city` varchar(255), `postal` varchar(255), `created_at` datetime, `updated_at` datetime) ENGINE=InnoDB[0m
  [4;35;1mSQL (0.8ms)[0m   [0mSHOW TABLES[0m
  [4;36;1mSQL (2.3ms)[0m   [0;1mDROP TABLE `countries`[0m
  [4;35;1mSQL (170.6ms)[0m   [0mCREATE TABLE `countries` (`id` int(11) DEFAULT NULL auto_increment PRIMARY KEY, `abbreviation` varchar(255), `name` varchar(255), `created_at` datetime, `updated_at` datetime) ENGINE=InnoDB[0m
  [4;36;1mSQL (0.7ms)[0m   [0;1mSHOW TABLES[0m
  [4;35;1mSQL (1.8ms)[0m   [0mDROP TABLE `regions`[0m
  [4;36;1mSQL (120.3ms)[0m   [0;1mCREATE TABLE `regions` (`id` int(11) DEFAULT NULL auto_increment PRIMARY KEY, `country_id` int(11), `name` varchar(255), `created_at` datetime, `updated_at` datetime) ENGINE=InnoDB[0m
  [4;35;1mSQL (0.8ms)[0m   [0mSHOW TABLES[0m
  [4;36;1mSQL (1.8ms)[0m   [0;1mDROP TABLE `users`[0m
  [4;35;1mSQL (119.1ms)[0m   [0mCREATE TABLE `users` (`id` int(11) DEFAULT NULL auto_increment PRIMARY KEY, `name` varchar(255), `created_at` datetime, `updated_at` datetime) ENGINE=InnoDB[0m
  [4;36;1mSQL (1.1ms)[0m   [0;1mSHOW TABLES[0m
  [4;35;1mSQL (0.8ms)[0m   [0mSELECT version FROM `schema_migrations`[0m
  [4;36;1mCountry Columns (2.3ms)[0m   [0;1mSHOW FIELDS FROM `countries`[0m
  [4;35;1mSQL (0.1ms)[0m   [0mBEGIN[0m
  [4;36;1mCountry Create (0.3ms)[0m   [0;1mINSERT INTO `countries` (`name`, `created_at`, `updated_at`, `abbreviation`) VALUES('United States', '2010-02-17 17:53:50', '2010-02-17 17:53:50', 'US')[0m
  [4;35;1mSQL (0.7ms)[0m   [0mCOMMIT[0m
  [4;36;1mRegion Columns (1.5ms)[0m   [0;1mSHOW FIELDS FROM `regions`[0m
  [4;35;1mSQL (0.2ms)[0m   [0mBEGIN[0m
  [4;36;1mRegion Create (0.4ms)[0m   [0;1mINSERT INTO `regions` (`name`, `created_at`, `updated_at`, `country_id`) VALUES('Kansas', '2010-02-17 17:53:50', '2010-02-17 17:53:50', 1)[0m
  [4;35;1mSQL (0.6ms)[0m   [0mCOMMIT[0m
  [4;36;1mUser Columns (1.7ms)[0m   [0;1mSHOW FIELDS FROM `users`[0m
  [4;35;1mSQL (0.1ms)[0m   [0mBEGIN[0m
  [4;36;1mUser Create (0.2ms)[0m   [0;1mINSERT INTO `users` (`name`, `created_at`, `updated_at`) VALUES('Mike', '2010-02-17 17:53:50', '2010-02-17 17:53:50')[0m
  [4;35;1mSQL (0.6ms)[0m   [0mCOMMIT[0m
  [4;36;1mAddress Columns (1.5ms)[0m   [0;1mSHOW FIELDS FROM `addresses`[0m
  [4;35;1mSQL (0.1ms)[0m   [0mBEGIN[0m
  [4;36;1mAddress Create (0.3ms)[0m   [0;1mINSERT INTO `addresses` (`city`, `created_at`, `postal`, `street1`, `updated_at`, `addressable_type`, `country_id`, `street2`, `addressable_id`, `region_id`) VALUES('Whitmore', '2010-02-17 17:53:50', '04330', '54 Parkins Way', '2010-02-17 17:53:50', 'User', 1, NULL, 1, 1)[0m
  [4;35;1mSQL (0.6ms)[0m   [0mCOMMIT[0m
  [4;36;1mSQL (0.4ms)[0m   [0;1mSET NAMES 'utf8'[0m
  [4;35;1mSQL (0.1ms)[0m   [0mSET SQL_AUTO_IS_NULL=0[0m
  [4;36;1mSQL (0.6ms)[0m   [0;1mSHOW TABLES[0m
  [4;35;1mSQL (1.9ms)[0m   [0mDROP TABLE `addresses`[0m
  [4;36;1mSQL (146.7ms)[0m   [0;1mCREATE TABLE `addresses` (`id` int(11) DEFAULT NULL auto_increment PRIMARY KEY, `addressable_id` int(11) NOT NULL, `addressable_type` varchar(255) NOT NULL, `country_id` int(11), `region_id` int(11), `street1` varchar(255), `street2` varchar(255), `city` varchar(255), `postal` varchar(255), `created_at` datetime, `updated_at` datetime) ENGINE=InnoDB[0m
  [4;35;1mSQL (1.1ms)[0m   [0mSHOW TABLES[0m
  [4;36;1mSQL (2.4ms)[0m   [0;1mDROP TABLE `countries`[0m
  [4;35;1mSQL (404.9ms)[0m   [0mCREATE TABLE `countries` (`id` int(11) DEFAULT NULL auto_increment PRIMARY KEY, `abbreviation` varchar(255), `name` varchar(255), `created_at` datetime, `updated_at` datetime) ENGINE=InnoDB[0m
  [4;36;1mSQL (3.3ms)[0m   [0;1mSHOW TABLES[0m
  [4;35;1mSQL (1.4ms)[0m   [0mDROP TABLE `regions`[0m
  [4;36;1mSQL (118.1ms)[0m   [0;1mCREATE TABLE `regions` (`id` int(11) DEFAULT NULL auto_increment PRIMARY KEY, `country_id` int(11), `name` varchar(255), `created_at` datetime, `updated_at` datetime) ENGINE=InnoDB[0m
  [4;35;1mSQL (0.8ms)[0m   [0mSHOW TABLES[0m
  [4;36;1mSQL (1.6ms)[0m   [0;1mDROP TABLE `users`[0m
  [4;35;1mSQL (130.1ms)[0m   [0mCREATE TABLE `users` (`id` int(11) DEFAULT NULL auto_increment PRIMARY KEY, `name` varchar(255), `created_at` datetime, `updated_at` datetime) ENGINE=InnoDB[0m
  [4;36;1mSQL (1.2ms)[0m   [0;1mSHOW TABLES[0m
  [4;35;1mSQL (0.8ms)[0m   [0mSELECT version FROM `schema_migrations`[0m
  [4;36;1mCountry Columns (2.1ms)[0m   [0;1mSHOW FIELDS FROM `countries`[0m
  [4;35;1mSQL (0.1ms)[0m   [0mBEGIN[0m
  [4;36;1mCountry Create (0.3ms)[0m   [0;1mINSERT INTO `countries` (`name`, `created_at`, `updated_at`, `abbreviation`) VALUES('United States', '2010-02-17 17:56:56', '2010-02-17 17:56:56', 'US')[0m
  [4;35;1mSQL (0.7ms)[0m   [0mCOMMIT[0m
  [4;36;1mRegion Columns (1.5ms)[0m   [0;1mSHOW FIELDS FROM `regions`[0m
  [4;35;1mSQL (0.1ms)[0m   [0mBEGIN[0m
  [4;36;1mRegion Create (0.2ms)[0m   [0;1mINSERT INTO `regions` (`name`, `created_at`, `updated_at`, `country_id`) VALUES('Kansas', '2010-02-17 17:56:56', '2010-02-17 17:56:56', 1)[0m
  [4;35;1mSQL (0.6ms)[0m   [0mCOMMIT[0m
  [4;36;1mUser Columns (1.3ms)[0m   [0;1mSHOW FIELDS FROM `users`[0m
  [4;35;1mSQL (0.1ms)[0m   [0mBEGIN[0m
  [4;36;1mUser Create (0.3ms)[0m   [0;1mINSERT INTO `users` (`name`, `created_at`, `updated_at`) VALUES('Mike', '2010-02-17 17:56:56', '2010-02-17 17:56:56')[0m
  [4;35;1mSQL (0.6ms)[0m   [0mCOMMIT[0m
  [4;36;1mAddress Columns (1.5ms)[0m   [0;1mSHOW FIELDS FROM `addresses`[0m
  [4;35;1mSQL (0.1ms)[0m   [0mBEGIN[0m
  [4;36;1mAddress Create (0.2ms)[0m   [0;1mINSERT INTO `addresses` (`city`, `created_at`, `postal`, `street1`, `updated_at`, `addressable_type`, `country_id`, `street2`, `addressable_id`, `region_id`) VALUES('Whitmore', '2010-02-17 17:56:56', '04330', '54 Parkins Way', '2010-02-17 17:56:56', 'User', 1, NULL, 1, 1)[0m
  [4;35;1mSQL (1.1ms)[0m   [0mCOMMIT[0m
  [4;36;1mSQL (0.2ms)[0m   [0;1mSET NAMES 'utf8'[0m
  [4;35;1mSQL (0.1ms)[0m   [0mSET SQL_AUTO_IS_NULL=0[0m
  [4;36;1mSQL (0.6ms)[0m   [0;1mSHOW TABLES[0m
  [4;35;1mSQL (1.9ms)[0m   [0mDROP TABLE `addresses`[0m
  [4;36;1mSQL (125.8ms)[0m   [0;1mCREATE TABLE `addresses` (`id` int(11) DEFAULT NULL auto_increment PRIMARY KEY, `addressable_id` int(11) NOT NULL, `addressable_type` varchar(255) NOT NULL, `country_id` int(11), `region_id` int(11), `street1` varchar(255), `street2` varchar(255), `city` varchar(255), `postal` varchar(255), `created_at` datetime, `updated_at` datetime) ENGINE=InnoDB[0m
  [4;35;1mSQL (2.5ms)[0m   [0mSHOW TABLES[0m
  [4;36;1mSQL (2.3ms)[0m   [0;1mDROP TABLE `countries`[0m
  [4;35;1mSQL (235.5ms)[0m   [0mCREATE TABLE `countries` (`id` int(11) DEFAULT NULL auto_increment PRIMARY KEY, `abbreviation` varchar(255), `name` varchar(255), `created_at` datetime, `updated_at` datetime) ENGINE=InnoDB[0m
  [4;36;1mSQL (1.3ms)[0m   [0;1mSHOW TABLES[0m
  [4;35;1mSQL (2.2ms)[0m   [0mDROP TABLE `regions`[0m
  [4;36;1mSQL (107.0ms)[0m   [0;1mCREATE TABLE `regions` (`id` int(11) DEFAULT NULL auto_increment PRIMARY KEY, `country_id` int(11), `name` varchar(255), `created_at` datetime, `updated_at` datetime) ENGINE=InnoDB[0m
  [4;35;1mSQL (0.8ms)[0m   [0mSHOW TABLES[0m
  [4;36;1mSQL (1.8ms)[0m   [0;1mDROP TABLE `users`[0m
  [4;35;1mSQL (121.0ms)[0m   [0mCREATE TABLE `users` (`id` int(11) DEFAULT NULL auto_increment PRIMARY KEY, `name` varchar(255), `created_at` datetime, `updated_at` datetime) ENGINE=InnoDB[0m
  [4;36;1mSQL (0.7ms)[0m   [0;1mSHOW TABLES[0m
  [4;35;1mSQL (0.7ms)[0m   [0mSELECT version FROM `schema_migrations`[0m
  [4;36;1mCountry Columns (1.6ms)[0m   [0;1mSHOW FIELDS FROM `countries`[0m
  [4;35;1mSQL (0.1ms)[0m   [0mBEGIN[0m
  [4;36;1mCountry Create (0.3ms)[0m   [0;1mINSERT INTO `countries` (`name`, `created_at`, `updated_at`, `abbreviation`) VALUES('United States', '2010-02-17 17:58:44', '2010-02-17 17:58:44', 'US')[0m
  [4;35;1mSQL (0.6ms)[0m   [0mCOMMIT[0m
  [4;36;1mRegion Columns (1.4ms)[0m   [0;1mSHOW FIELDS FROM `regions`[0m
  [4;35;1mSQL (0.1ms)[0m   [0mBEGIN[0m
  [4;36;1mRegion Create (0.2ms)[0m   [0;1mINSERT INTO `regions` (`name`, `created_at`, `updated_at`, `country_id`) VALUES('Kansas', '2010-02-17 17:58:44', '2010-02-17 17:58:44', 1)[0m
  [4;35;1mSQL (0.6ms)[0m   [0mCOMMIT[0m
  [4;36;1mUser Columns (1.3ms)[0m   [0;1mSHOW FIELDS FROM `users`[0m
  [4;35;1mSQL (0.1ms)[0m   [0mBEGIN[0m
  [4;36;1mUser Create (0.2ms)[0m   [0;1mINSERT INTO `users` (`name`, `created_at`, `updated_at`) VALUES('Mike', '2010-02-17 17:58:44', '2010-02-17 17:58:44')[0m
  [4;35;1mSQL (0.6ms)[0m   [0mCOMMIT[0m
  [4;36;1mAddress Columns (1.5ms)[0m   [0;1mSHOW FIELDS FROM `addresses`[0m
  [4;35;1mSQL (0.3ms)[0m   [0mBEGIN[0m
  [4;36;1mAddress Create (0.3ms)[0m   [0;1mINSERT INTO `addresses` (`city`, `created_at`, `postal`, `street1`, `updated_at`, `addressable_type`, `country_id`, `street2`, `addressable_id`, `region_id`) VALUES('Whitmore', '2010-02-17 17:58:44', '04330', '54 Parkins Way', '2010-02-17 17:58:44', 'User', 1, NULL, 1, 1)[0m
  [4;35;1mSQL (0.7ms)[0m   [0mCOMMIT[0m
  [4;36;1mSQL (0.1ms)[0m   [0;1mBEGIN[0m
  [4;35;1mCountry Create (0.2ms)[0m   [0mINSERT INTO `countries` (`name`, `created_at`, `updated_at`, `abbreviation`) VALUES('All Americas', '2010-02-17 17:58:44', '2010-02-17 17:58:44', 'AA')[0m
  [4;36;1mSQL (0.6ms)[0m   [0;1mCOMMIT[0m
  [4;36;1mSQL (0.3ms)[0m   [0;1mSET NAMES 'utf8'[0m
  [4;35;1mSQL (0.1ms)[0m   [0mSET SQL_AUTO_IS_NULL=0[0m
  [4;36;1mSQL (0.7ms)[0m   [0;1mSHOW TABLES[0m
  [4;35;1mSQL (2.1ms)[0m   [0mDROP TABLE `addresses`[0m
  [4;36;1mSQL (347.6ms)[0m   [0;1mCREATE TABLE `addresses` (`id` int(11) DEFAULT NULL auto_increment PRIMARY KEY, `addressable_id` int(11) NOT NULL, `addressable_type` varchar(255) NOT NULL, `country_id` int(11), `region_id` int(11), `street1` varchar(255), `street2` varchar(255), `city` varchar(255), `postal` varchar(255), `created_at` datetime, `updated_at` datetime) ENGINE=InnoDB[0m
  [4;35;1mSQL (0.8ms)[0m   [0mSHOW TABLES[0m
  [4;36;1mSQL (2.3ms)[0m   [0;1mDROP TABLE `countries`[0m
  [4;35;1mSQL (82.2ms)[0m   [0mCREATE TABLE `countries` (`id` int(11) DEFAULT NULL auto_increment PRIMARY KEY, `abbreviation` varchar(255), `name` varchar(255), `created_at` datetime, `updated_at` datetime) ENGINE=InnoDB[0m
  [4;36;1mSQL (0.7ms)[0m   [0;1mSHOW TABLES[0m
  [4;35;1mSQL (2.8ms)[0m   [0mDROP TABLE `regions`[0m
  [4;36;1mSQL (113.3ms)[0m   [0;1mCREATE TABLE `regions` (`id` int(11) DEFAULT NULL auto_increment PRIMARY KEY, `country_id` int(11), `name` varchar(255), `created_at` datetime, `updated_at` datetime) ENGINE=InnoDB[0m
  [4;35;1mSQL (1.8ms)[0m   [0mSHOW TABLES[0m
  [4;36;1mSQL (1.8ms)[0m   [0;1mDROP TABLE `users`[0m
  [4;35;1mSQL (117.2ms)[0m   [0mCREATE TABLE `users` (`id` int(11) DEFAULT NULL auto_increment PRIMARY KEY, `name` varchar(255), `created_at` datetime, `updated_at` datetime) ENGINE=InnoDB[0m
  [4;36;1mSQL (0.8ms)[0m   [0;1mSHOW TABLES[0m
  [4;35;1mSQL (0.3ms)[0m   [0mSELECT version FROM `schema_migrations`[0m
  [4;36;1mCountry Columns (2.2ms)[0m   [0;1mSHOW FIELDS FROM `countries`[0m
  [4;35;1mSQL (0.1ms)[0m   [0mBEGIN[0m
  [4;36;1mCountry Create (0.3ms)[0m   [0;1mINSERT INTO `countries` (`name`, `created_at`, `updated_at`, `abbreviation`) VALUES('United States', '2010-02-17 17:59:03', '2010-02-17 17:59:03', 'US')[0m
  [4;35;1mSQL (0.7ms)[0m   [0mCOMMIT[0m
  [4;36;1mRegion Columns (1.3ms)[0m   [0;1mSHOW FIELDS FROM `regions`[0m
  [4;35;1mSQL (0.2ms)[0m   [0mBEGIN[0m
  [4;36;1mRegion Create (0.2ms)[0m   [0;1mINSERT INTO `regions` (`name`, `created_at`, `updated_at`, `country_id`) VALUES('Kansas', '2010-02-17 17:59:03', '2010-02-17 17:59:03', 1)[0m
  [4;35;1mSQL (0.7ms)[0m   [0mCOMMIT[0m
  [4;36;1mUser Columns (1.3ms)[0m   [0;1mSHOW FIELDS FROM `users`[0m
  [4;35;1mSQL (0.1ms)[0m   [0mBEGIN[0m
  [4;36;1mUser Create (0.3ms)[0m   [0;1mINSERT INTO `users` (`name`, `created_at`, `updated_at`) VALUES('Mike', '2010-02-17 17:59:03', '2010-02-17 17:59:03')[0m
  [4;35;1mSQL (0.6ms)[0m   [0mCOMMIT[0m
  [4;36;1mAddress Columns (1.5ms)[0m   [0;1mSHOW FIELDS FROM `addresses`[0m
  [4;35;1mSQL (0.2ms)[0m   [0mBEGIN[0m
  [4;36;1mAddress Create (0.2ms)[0m   [0;1mINSERT INTO `addresses` (`city`, `created_at`, `postal`, `street1`, `updated_at`, `addressable_type`, `country_id`, `street2`, `addressable_id`, `region_id`) VALUES('Whitmore', '2010-02-17 17:59:03', '04330', '54 Parkins Way', '2010-02-17 17:59:03', 'User', 1, NULL, 1, 1)[0m
  [4;35;1mSQL (0.6ms)[0m   [0mCOMMIT[0m
  [4;36;1mSQL (0.1ms)[0m   [0;1mBEGIN[0m
  [4;35;1mCountry Create (0.2ms)[0m   [0mINSERT INTO `countries` (`name`, `created_at`, `updated_at`, `abbreviation`) VALUES('All Americas', '2010-02-17 17:59:03', '2010-02-17 17:59:03', 'AA')[0m
  [4;36;1mSQL (0.7ms)[0m   [0;1mCOMMIT[0m
  [4;36;1mSQL (0.2ms)[0m   [0;1mSET NAMES 'utf8'[0m
  [4;35;1mSQL (0.1ms)[0m   [0mSET SQL_AUTO_IS_NULL=0[0m
  [4;36;1mSQL (46.1ms)[0m   [0;1mSHOW TABLES[0m
  [4;35;1mSQL (69.1ms)[0m   [0mDROP TABLE `addresses`[0m
  [4;36;1mSQL (119.5ms)[0m   [0;1mCREATE TABLE `addresses` (`id` int(11) DEFAULT NULL auto_increment PRIMARY KEY, `addressable_id` int(11) NOT NULL, `addressable_type` varchar(255) NOT NULL, `country_id` int(11), `region_id` int(11), `street1` varchar(255), `street2` varchar(255), `city` varchar(255), `postal` varchar(255), `created_at` datetime, `updated_at` datetime) ENGINE=InnoDB[0m
  [4;35;1mSQL (0.5ms)[0m   [0mSHOW TABLES[0m
  [4;36;1mSQL (1.8ms)[0m   [0;1mDROP TABLE `countries`[0m
  [4;35;1mSQL (253.6ms)[0m   [0mCREATE TABLE `countries` (`id` int(11) DEFAULT NULL auto_increment PRIMARY KEY, `abbreviation` varchar(255), `name` varchar(255), `created_at` datetime, `updated_at` datetime) ENGINE=InnoDB[0m
  [4;36;1mSQL (0.8ms)[0m   [0;1mSHOW TABLES[0m
  [4;35;1mSQL (3.8ms)[0m   [0mDROP TABLE `regions`[0m
  [4;36;1mSQL (117.2ms)[0m   [0;1mCREATE TABLE `regions` (`id` int(11) DEFAULT NULL auto_increment PRIMARY KEY, `country_id` int(11), `name` varchar(255), `created_at` datetime, `updated_at` datetime) ENGINE=InnoDB[0m
  [4;35;1mSQL (0.6ms)[0m   [0mSHOW TABLES[0m
  [4;36;1mSQL (120.4ms)[0m   [0;1mCREATE TABLE `users` (`id` int(11) DEFAULT NULL auto_increment PRIMARY KEY, `name` varchar(255), `created_at` datetime, `updated_at` datetime) ENGINE=InnoDB[0m
  [4;35;1mSQL (1.0ms)[0m   [0mSHOW TABLES[0m
  [4;36;1mSQL (0.4ms)[0m   [0;1mSELECT version FROM `schema_migrations`[0m
  [4;35;1mSQL (0.7ms)[0m   [0mINSERT INTO `schema_migrations` (version) VALUES ('0')[0m
  [4;36;1mCountry Columns (1.5ms)[0m   [0;1mSHOW FIELDS FROM `countries`[0m
  [4;35;1mSQL (0.1ms)[0m   [0mBEGIN[0m
  [4;36;1mCountry Create (0.3ms)[0m   [0;1mINSERT INTO `countries` (`name`, `created_at`, `updated_at`, `abbreviation`) VALUES('United States', '2010-02-18 12:33:52', '2010-02-18 12:33:52', 'US')[0m
  [4;35;1mSQL (0.6ms)[0m   [0mCOMMIT[0m
  [4;36;1mRegion Columns (1.3ms)[0m   [0;1mSHOW FIELDS FROM `regions`[0m
  [4;35;1mSQL (0.1ms)[0m   [0mBEGIN[0m
  [4;36;1mRegion Create (0.2ms)[0m   [0;1mINSERT INTO `regions` (`name`, `created_at`, `updated_at`, `country_id`) VALUES('Kansas', '2010-02-18 12:33:52', '2010-02-18 12:33:52', 1)[0m
  [4;35;1mSQL (0.9ms)[0m   [0mCOMMIT[0m
  [4;36;1mUser Columns (1.3ms)[0m   [0;1mSHOW FIELDS FROM `users`[0m
  [4;35;1mSQL (0.1ms)[0m   [0mBEGIN[0m
  [4;36;1mUser Create (0.6ms)[0m   [0;1mINSERT INTO `users` (`name`, `created_at`, `updated_at`) VALUES('Mike', '2010-02-18 12:33:52', '2010-02-18 12:33:52')[0m
  [4;35;1mSQL (0.6ms)[0m   [0mCOMMIT[0m
  [4;36;1mAddress Columns (1.4ms)[0m   [0;1mSHOW FIELDS FROM `addresses`[0m
  [4;35;1mSQL (0.1ms)[0m   [0mBEGIN[0m
  [4;36;1mAddress Create (0.6ms)[0m   [0;1mINSERT INTO `addresses` (`city`, `created_at`, `postal`, `street1`, `updated_at`, `addressable_type`, `country_id`, `street2`, `addressable_id`, `region_id`) VALUES('Whitmore', '2010-02-18 12:33:52', '04330', '54 Parkins Way', '2010-02-18 12:33:52', 'User', 1, NULL, 1, 1)[0m
  [4;35;1mSQL (0.5ms)[0m   [0mCOMMIT[0m
  [4;36;1mSQL (0.1ms)[0m   [0;1mBEGIN[0m
  [4;35;1mCountry Create (0.2ms)[0m   [0mINSERT INTO `countries` (`name`, `created_at`, `updated_at`, `abbreviation`) VALUES('All Americas', '2010-02-18 12:33:52', '2010-02-18 12:33:52', 'AA')[0m
  [4;36;1mSQL (0.5ms)[0m   [0;1mCOMMIT[0m
  [4;36;1mSQL (0.2ms)[0m   [0;1mSET NAMES 'utf8'[0m
  [4;35;1mSQL (0.1ms)[0m   [0mSET SQL_AUTO_IS_NULL=0[0m
  [4;36;1mSQL (0.4ms)[0m   [0;1mSHOW TABLES[0m
  [4;35;1mSQL (1.9ms)[0m   [0mDROP TABLE `addresses`[0m
  [4;36;1mSQL (61.2ms)[0m   [0;1mCREATE TABLE `addresses` (`id` int(11) DEFAULT NULL auto_increment PRIMARY KEY, `addressable_id` int(11) NOT NULL, `addressable_type` varchar(255) NOT NULL, `country_id` int(11), `region_id` int(11), `street1` varchar(255), `street2` varchar(255), `city` varchar(255), `postal` varchar(255), `created_at` datetime, `updated_at` datetime) ENGINE=InnoDB[0m
  [4;35;1mSQL (0.8ms)[0m   [0mSHOW TABLES[0m
  [4;36;1mSQL (2.3ms)[0m   [0;1mDROP TABLE `countries`[0m
  [4;35;1mSQL (148.3ms)[0m   [0mCREATE TABLE `countries` (`id` int(11) DEFAULT NULL auto_increment PRIMARY KEY, `abbreviation` varchar(255), `name` varchar(255), `created_at` datetime, `updated_at` datetime) ENGINE=InnoDB[0m
  [4;36;1mSQL (0.7ms)[0m   [0;1mSHOW TABLES[0m
  [4;35;1mSQL (2.5ms)[0m   [0mDROP TABLE `regions`[0m
  [4;36;1mSQL (107.0ms)[0m   [0;1mCREATE TABLE `regions` (`id` int(11) DEFAULT NULL auto_increment PRIMARY KEY, `country_id` int(11), `name` varchar(255), `created_at` datetime, `updated_at` datetime) ENGINE=InnoDB[0m
  [4;35;1mSQL (1.4ms)[0m   [0mSHOW TABLES[0m
  [4;36;1mSQL (2.3ms)[0m   [0;1mDROP TABLE `users`[0m
  [4;35;1mSQL (116.1ms)[0m   [0mCREATE TABLE `users` (`id` int(11) DEFAULT NULL auto_increment PRIMARY KEY, `name` varchar(255), `created_at` datetime, `updated_at` datetime) ENGINE=InnoDB[0m
  [4;36;1mSQL (0.7ms)[0m   [0;1mSHOW TABLES[0m
  [4;35;1mSQL (0.3ms)[0m   [0mSELECT version FROM `schema_migrations`[0m
  [4;36;1mCountry Columns (2.1ms)[0m   [0;1mSHOW FIELDS FROM `countries`[0m
  [4;35;1mSQL (0.1ms)[0m   [0mBEGIN[0m
  [4;36;1mCountry Create (0.3ms)[0m   [0;1mINSERT INTO `countries` (`name`, `created_at`, `updated_at`, `abbreviation`) VALUES('United States', '2010-02-18 12:34:07', '2010-02-18 12:34:07', 'US')[0m
  [4;35;1mSQL (0.6ms)[0m   [0mCOMMIT[0m
  [4;36;1mRegion Columns (1.4ms)[0m   [0;1mSHOW FIELDS FROM `regions`[0m
  [4;35;1mSQL (0.1ms)[0m   [0mBEGIN[0m
  [4;36;1mRegion Create (0.2ms)[0m   [0;1mINSERT INTO `regions` (`name`, `created_at`, `updated_at`, `country_id`) VALUES('Kansas', '2010-02-18 12:34:07', '2010-02-18 12:34:07', 1)[0m
  [4;35;1mSQL (0.6ms)[0m   [0mCOMMIT[0m
  [4;36;1mUser Columns (1.3ms)[0m   [0;1mSHOW FIELDS FROM `users`[0m
WARNING: Can't mass-assign these protected attributes: name
  [4;35;1mSQL (0.1ms)[0m   [0mBEGIN[0m
  [4;36;1mUser Create (0.3ms)[0m   [0;1mINSERT INTO `users` (`name`, `created_at`, `updated_at`) VALUES(NULL, '2010-02-18 12:34:07', '2010-02-18 12:34:07')[0m
  [4;35;1mSQL (0.6ms)[0m   [0mCOMMIT[0m
  [4;36;1mAddress Columns (1.5ms)[0m   [0;1mSHOW FIELDS FROM `addresses`[0m
  [4;35;1mSQL (0.1ms)[0m   [0mBEGIN[0m
  [4;36;1mAddress Create (0.2ms)[0m   [0;1mINSERT INTO `addresses` (`city`, `created_at`, `postal`, `street1`, `updated_at`, `addressable_type`, `country_id`, `street2`, `addressable_id`, `region_id`) VALUES('Whitmore', '2010-02-18 12:34:07', '04330', '54 Parkins Way', '2010-02-18 12:34:07', 'User', 1, NULL, 1, 1)[0m
  [4;35;1mSQL (0.6ms)[0m   [0mCOMMIT[0m
  [4;36;1mSQL (0.2ms)[0m   [0;1mBEGIN[0m
  [4;35;1mCountry Create (0.2ms)[0m   [0mINSERT INTO `countries` (`name`, `created_at`, `updated_at`, `abbreviation`) VALUES('All Americas', '2010-02-18 12:34:07', '2010-02-18 12:34:07', 'AA')[0m
  [4;36;1mSQL (0.7ms)[0m   [0;1mCOMMIT[0m
  [4;36;1mSQL (0.3ms)[0m   [0;1mSET NAMES 'utf8'[0m
  [4;35;1mSQL (0.4ms)[0m   [0mSET SQL_AUTO_IS_NULL=0[0m
  [4;36;1mSQL (60.1ms)[0m   [0;1mSHOW TABLES[0m
  [4;35;1mSQL (41.3ms)[0m   [0mDROP TABLE `addresses`[0m
  [4;36;1mSQL (129.1ms)[0m   [0;1mCREATE TABLE `addresses` (`id` int(11) DEFAULT NULL auto_increment PRIMARY KEY, `addressable_id` int(11) NOT NULL, `addressable_type` varchar(255) NOT NULL, `country_id` int(11), `region_id` int(11), `street1` varchar(255), `street2` varchar(255), `city` varchar(255), `postal` varchar(255), `created_at` datetime, `updated_at` datetime) ENGINE=InnoDB[0m
  [4;35;1mSQL (0.5ms)[0m   [0mSHOW TABLES[0m
  [4;36;1mSQL (2.4ms)[0m   [0;1mDROP TABLE `countries`[0m
  [4;35;1mSQL (321.9ms)[0m   [0mCREATE TABLE `countries` (`id` int(11) DEFAULT NULL auto_increment PRIMARY KEY, `abbreviation` varchar(255), `name` varchar(255), `created_at` datetime, `updated_at` datetime) ENGINE=InnoDB[0m
  [4;36;1mSQL (0.9ms)[0m   [0;1mSHOW TABLES[0m
  [4;35;1mSQL (29.8ms)[0m   [0mDROP TABLE `regions`[0m
  [4;36;1mSQL (124.1ms)[0m   [0;1mCREATE TABLE `regions` (`id` int(11) DEFAULT NULL auto_increment PRIMARY KEY, `country_id` int(11), `name` varchar(255), `created_at` datetime, `updated_at` datetime) ENGINE=InnoDB[0m
  [4;35;1mSQL (0.7ms)[0m   [0mSHOW TABLES[0m
  [4;36;1mSQL (2.2ms)[0m   [0;1mDROP TABLE `users`[0m
  [4;35;1mSQL (118.0ms)[0m   [0mCREATE TABLE `users` (`id` int(11) DEFAULT NULL auto_increment PRIMARY KEY, `name` varchar(255), `created_at` datetime, `updated_at` datetime) ENGINE=InnoDB[0m
  [4;36;1mSQL (3.8ms)[0m   [0;1mSHOW TABLES[0m
  [4;35;1mSQL (21.0ms)[0m   [0mSELECT version FROM `schema_migrations`[0m
  [4;36;1mCountry Columns (1.6ms)[0m   [0;1mSHOW FIELDS FROM `countries`[0m
  [4;35;1mSQL (0.2ms)[0m   [0mBEGIN[0m
  [4;36;1mCountry Create (0.3ms)[0m   [0;1mINSERT INTO `countries` (`name`, `created_at`, `updated_at`, `abbreviation`) VALUES('United States', '2010-04-11 21:12:39', '2010-04-11 21:12:39', 'US')[0m
  [4;35;1mSQL (0.7ms)[0m   [0mCOMMIT[0m
  [4;36;1mRegion Columns (1.4ms)[0m   [0;1mSHOW FIELDS FROM `regions`[0m
  [4;35;1mSQL (0.1ms)[0m   [0mBEGIN[0m
  [4;36;1mRegion Create (0.2ms)[0m   [0;1mINSERT INTO `regions` (`name`, `created_at`, `updated_at`, `country_id`) VALUES('Kansas', '2010-04-11 21:12:39', '2010-04-11 21:12:39', 1)[0m
  [4;35;1mSQL (0.6ms)[0m   [0mCOMMIT[0m
  [4;36;1mUser Columns (1.3ms)[0m   [0;1mSHOW FIELDS FROM `users`[0m
WARNING: Can't mass-assign these protected attributes: name
  [4;35;1mSQL (0.1ms)[0m   [0mBEGIN[0m
  [4;36;1mUser Create (0.2ms)[0m   [0;1mINSERT INTO `users` (`name`, `created_at`, `updated_at`) VALUES(NULL, '2010-04-11 21:12:39', '2010-04-11 21:12:39')[0m
  [4;35;1mSQL (0.6ms)[0m   [0mCOMMIT[0m
  [4;36;1mAddress Columns (1.4ms)[0m   [0;1mSHOW FIELDS FROM `addresses`[0m
  [4;35;1mSQL (0.1ms)[0m   [0mBEGIN[0m
  [4;36;1mAddress Create (0.2ms)[0m   [0;1mINSERT INTO `addresses` (`city`, `created_at`, `postal`, `street1`, `updated_at`, `addressable_type`, `country_id`, `street2`, `addressable_id`, `region_id`) VALUES('Whitmore', '2010-04-11 21:12:39', '04330', '54 Parkins Way', '2010-04-11 21:12:39', 'User', 1, NULL, 1, 1)[0m
  [4;35;1mSQL (0.6ms)[0m   [0mCOMMIT[0m
  [4;36;1mSQL (0.1ms)[0m   [0;1mBEGIN[0m
  [4;35;1mCountry Create (0.2ms)[0m   [0mINSERT INTO `countries` (`name`, `created_at`, `updated_at`, `abbreviation`) VALUES('All Americas', '2010-04-11 21:12:39', '2010-04-11 21:12:39', 'AA')[0m
  [4;36;1mSQL (0.4ms)[0m   [0;1mCOMMIT[0m
